<?xml version="1.0" encoding="UTF-8"?>
<testng-results ignored="0" total="3" passed="3" failed="0" skipped="0">
  <reporter-output>
  </reporter-output>
  <suite started-at="2023-07-17T15:42:06 IST" name="Suite" finished-at="2023-07-17T15:42:18 IST" duration-ms="12327">
    <groups>
    </groups>
    <test started-at="2023-07-17T15:42:06 IST" name="Test-2" finished-at="2023-07-17T15:42:15 IST" duration-ms="9361">
      <class name="browsertestpackage.TestDemo">
        <test-method signature="titleCheck()[pri:0, instance:browsertestpackage.TestDemo@423e4cbb]" started-at="2023-07-17T15:42:06 IST" name="titleCheck" finished-at="2023-07-17T15:42:14 IST" duration-ms="7971" status="PASS">
          <reporter-output>
          </reporter-output>
        </test-method> <!-- titleCheck -->
      </class> <!-- browsertestpackage.TestDemo -->
    </test> <!-- Test-2 -->
    <test started-at="2023-07-17T15:42:06 IST" name="Test-1" finished-at="2023-07-17T15:42:17 IST" duration-ms="11308">
      <class name="browsertestpackage.TestDemo">
        <test-method signature="titleCheck()[pri:0, instance:browsertestpackage.TestDemo@592e843a]" started-at="2023-07-17T15:42:06 IST" name="titleCheck" finished-at="2023-07-17T15:42:15 IST" duration-ms="9893" status="PASS">
          <reporter-output>
          </reporter-output>
        </test-method> <!-- titleCheck -->
      </class> <!-- browsertestpackage.TestDemo -->
    </test> <!-- Test-1 -->
    <test started-at="2023-07-17T15:42:06 IST" name="Test-0" finished-at="2023-07-17T15:42:18 IST" duration-ms="12327">
      <class name="browsertestpackage.TestDemo">
        <test-method signature="titleCheck()[pri:0, instance:browsertestpackage.TestDemo@4c6daf0]" started-at="2023-07-17T15:42:06 IST" name="titleCheck" finished-at="2023-07-17T15:42:16 IST" duration-ms="10855" status="PASS">
          <reporter-output>
          </reporter-output>
        </test-method> <!-- titleCheck -->
      </class> <!-- browsertestpackage.TestDemo -->
    </test> <!-- Test-0 -->
  </suite> <!-- Suite -->
</testng-results>
